[2025-07-16T20:36:54.406Z] [PHASE2-EVOLUTION] [INFO] 🌱 Starting Phase 2: Component Evolution (Conservative Approach)
[2025-07-16T20:36:54.416Z] [PHASE2-EVOLUTION] [INFO] 🔍 CATALOGUING existing components (no destruction)...
[2025-07-16T20:36:54.581Z] [PHASE2-EVOLUTION] [INFO] 📊 CATALOGUE COMPLETE:
[2025-07-16T20:36:54.582Z] [PHASE2-EVOLUTION] [INFO]   🟢 High Quality: 120 components
[2025-07-16T20:36:54.583Z] [PHASE2-EVOLUTION] [INFO]   🟡 Minor Refactor: 71 components
[2025-07-16T20:36:54.584Z] [PHASE2-EVOLUTION] [INFO]   🟠 Major Refactor: 10 components
[2025-07-16T20:36:54.586Z] [PHASE2-EVOLUTION] [INFO]   🔴 Duplicates: 0 components
[2025-07-16T20:36:54.589Z] [PHASE2-EVOLUTION] [INFO] 📋 Component catalog generated: C:\Users\João Pedro Cardozo\projetos\nova-ipe\COMPONENT_CATALOG.md
[2025-07-16T20:36:54.590Z] [PHASE2-EVOLUTION] [INFO] 🛡️ PRESERVING high-quality components...
[2025-07-16T20:36:54.594Z] [PHASE2-EVOLUTION] [INFO] ✅ Preserved: badge (score: 8)
[2025-07-16T20:36:54.596Z] [PHASE2-EVOLUTION] [INFO] ✅ Preserved: button (score: 9)
[2025-07-16T20:36:54.598Z] [PHASE2-EVOLUTION] [INFO] ✅ Preserved: card (score: 9)
[2025-07-16T20:36:54.601Z] [PHASE2-EVOLUTION] [INFO] ✅ Preserved: carousel (score: 9)
[2025-07-16T20:36:54.603Z] [PHASE2-EVOLUTION] [INFO] ✅ Preserved: toast (score: 8)
[2025-07-16T20:36:54.605Z] [PHASE2-EVOLUTION] [INFO] ✅ Preserved: PropertyAdapter (score: 10)
[2025-07-16T20:36:54.608Z] [PHASE2-EVOLUTION] [INFO] ✅ Preserved: AdvancedDropdown (score: 10)
[2025-07-16T20:36:54.616Z] [PHASE2-EVOLUTION] [INFO] ✅ Preserved: AnimatedCTASection (score: 8)
[2025-07-16T20:36:54.621Z] [PHASE2-EVOLUTION] [INFO] ✅ Preserved: AnimatedStatsCard (score: 10)
[2025-07-16T20:36:54.624Z] [PHASE2-EVOLUTION] [INFO] ✅ Preserved: AnuncioNovaVersao (score: 8)
[2025-07-16T20:36:54.626Z] [PHASE2-EVOLUTION] [INFO] ✅ Preserved: BlocoLocalizacaoImovel (score: 8)
[2025-07-16T20:36:54.629Z] [PHASE2-EVOLUTION] [INFO] ✅ Preserved: ChunkErrorBoundary (score: 9)
[2025-07-16T20:36:54.631Z] [PHASE2-EVOLUTION] [INFO] ✅ Preserved: FallbackPropertyCard (score: 10)
[2025-07-16T20:36:54.634Z] [PHASE2-EVOLUTION] [INFO] ✅ Preserved: CardCTAImovel (score: 9)
[2025-07-16T20:36:54.636Z] [PHASE2-EVOLUTION] [INFO] ✅ Preserved: BlocoCTAConversao (score: 8)
[2025-07-16T20:36:54.638Z] [PHASE2-EVOLUTION] [INFO] ✅ Preserved: HeroAdapter (score: 8)
[2025-07-16T20:36:54.641Z] [PHASE2-EVOLUTION] [INFO] ✅ Preserved: HeroClient (score: 9)
[2025-07-16T20:36:54.643Z] [PHASE2-EVOLUTION] [INFO] ✅ Preserved: PropertyShowcaseAdapter (score: 8)
[2025-07-16T20:36:54.645Z] [PHASE2-EVOLUTION] [INFO] ✅ Preserved: ClientComponents (score: 8)
[2025-07-16T20:36:54.648Z] [PHASE2-EVOLUTION] [INFO] ✅ Preserved: ClientPage (score: 10)
[2025-07-16T20:36:54.651Z] [PHASE2-EVOLUTION] [INFO] ✅ Preserved: ClientPerformanceMonitor (score: 8)
[2025-07-16T20:36:54.653Z] [PHASE2-EVOLUTION] [INFO] ✅ Preserved: debug-tools (score: 8)
[2025-07-16T20:36:54.655Z] [PHASE2-EVOLUTION] [INFO] ✅ Preserved: DynamicOGGenerator (score: 10)
[2025-07-16T20:36:54.657Z] [PHASE2-EVOLUTION] [INFO] ✅ Preserved: EnhancedImage (score: 8)
[2025-07-16T20:36:54.658Z] [PHASE2-EVOLUTION] [INFO] ✅ Preserved: EnhancedNotificationBanner (score: 8)
[2025-07-16T20:36:54.660Z] [PHASE2-EVOLUTION] [INFO] ✅ Preserved: EnhancedPropertySection (score: 8)
[2025-07-16T20:36:54.663Z] [PHASE2-EVOLUTION] [INFO] ✅ Preserved: EnhancedTestimonials (score: 8)
[2025-07-16T20:36:54.665Z] [PHASE2-EVOLUTION] [INFO] ✅ Preserved: ErrorBoundaryComponents (score: 9)
[2025-07-16T20:36:54.667Z] [PHASE2-EVOLUTION] [INFO] ✅ Preserved: ErrorState (score: 9)
[2025-07-16T20:36:54.669Z] [PHASE2-EVOLUTION] [INFO] ✅ Preserved: FramerMotionWrapper (score: 10)
[2025-07-16T20:36:54.670Z] [PHASE2-EVOLUTION] [INFO] ✅ Preserved: HeroImovel (score: 10)
[2025-07-16T20:36:54.672Z] [PHASE2-EVOLUTION] [INFO] ✅ Preserved: HeroImovelSimbolico (score: 9)
[2025-07-16T20:36:54.673Z] [PHASE2-EVOLUTION] [INFO] ✅ Preserved: HeroInstitucional (score: 10)
[2025-07-16T20:36:54.675Z] [PHASE2-EVOLUTION] [INFO] ✅ Preserved: ImageOptimizations (score: 8)
[2025-07-16T20:36:54.676Z] [PHASE2-EVOLUTION] [INFO] ✅ Preserved: ImoveisAluguelComponents (score: 8)
[2025-07-16T20:36:54.679Z] [PHASE2-EVOLUTION] [INFO] ✅ Preserved: ImoveisCarousel (score: 8)
[2025-07-16T20:36:54.681Z] [PHASE2-EVOLUTION] [INFO] ✅ Preserved: ImoveisDestaqueContext (score: 8)
[2025-07-16T20:36:54.683Z] [PHASE2-EVOLUTION] [INFO] ✅ Preserved: ImovelCard (score: 8)
[2025-07-16T20:36:54.685Z] [PHASE2-EVOLUTION] [INFO] ✅ Preserved: ImovelHero (score: 8)
[2025-07-16T20:36:54.686Z] [PHASE2-EVOLUTION] [INFO] ✅ Preserved: InViewObserver (score: 9)
[2025-07-16T20:36:54.688Z] [PHASE2-EVOLUTION] [INFO] ✅ Preserved: ipeConcept (score: 8)
[2025-07-16T20:36:54.690Z] [PHASE2-EVOLUTION] [INFO] ✅ Preserved: IpeConceptRefactored (score: 8)
[2025-07-16T20:36:54.692Z] [PHASE2-EVOLUTION] [INFO] ✅ Preserved: LayoutClientOptimized (score: 8)
[2025-07-16T20:36:54.693Z] [PHASE2-EVOLUTION] [INFO] ✅ Preserved: PropertyCard (score: 8)
[2025-07-16T20:36:54.696Z] [PHASE2-EVOLUTION] [INFO] ✅ Preserved: PropertySection (score: 8)
[2025-07-16T20:36:54.698Z] [PHASE2-EVOLUTION] [INFO] ✅ Preserved: PropertySectionLayout (score: 8)
[2025-07-16T20:36:54.700Z] [PHASE2-EVOLUTION] [INFO] ✅ Preserved: LazyLoader (score: 10)
[2025-07-16T20:36:54.702Z] [PHASE2-EVOLUTION] [INFO] ✅ Preserved: LucidePreloader (score: 8)
[2025-07-16T20:36:54.703Z] [PHASE2-EVOLUTION] [INFO] ✅ Preserved: MobilePropertyCard (score: 8)
[2025-07-16T20:36:54.705Z] [PHASE2-EVOLUTION] [INFO] ✅ Preserved: MobilePropertyCarousel (score: 8)
[2025-07-16T20:36:54.706Z] [PHASE2-EVOLUTION] [INFO] ✅ Preserved: NoSSR (score: 10)
[2025-07-16T20:36:54.708Z] [PHASE2-EVOLUTION] [INFO] ✅ Preserved: NotificacaoBanner (score: 10)
[2025-07-16T20:36:54.709Z] [PHASE2-EVOLUTION] [INFO] ✅ Preserved: OptimizationProvider (score: 9)
[2025-07-16T20:36:54.712Z] [PHASE2-EVOLUTION] [INFO] ✅ Preserved: OptimizedCarousel (score: 9)
[2025-07-16T20:36:54.714Z] [PHASE2-EVOLUTION] [INFO] ✅ Preserved: OptimizedImage (score: 8)
[2025-07-16T20:36:54.716Z] [PHASE2-EVOLUTION] [INFO] ✅ Preserved: OptimizedImageGallery (score: 8)
[2025-07-16T20:36:54.718Z] [PHASE2-EVOLUTION] [INFO] ✅ Preserved: OptimizedImagePlaceholder (score: 10)
[2025-07-16T20:36:54.721Z] [PHASE2-EVOLUTION] [INFO] ✅ Preserved: OptimizedImovelCard (score: 8)
[2025-07-16T20:36:54.722Z] [PHASE2-EVOLUTION] [INFO] ✅ Preserved: page-static-data (score: 8)
[2025-07-16T20:36:54.723Z] [PHASE2-EVOLUTION] [INFO] ✅ Preserved: CleanPropertySections (score: 8)
[2025-07-16T20:36:54.725Z] [PHASE2-EVOLUTION] [INFO] ✅ Preserved: EnhancedPropertySections (score: 8)
[2025-07-16T20:36:54.728Z] [PHASE2-EVOLUTION] [INFO] ✅ Preserved: PremiumPropertyCatalog (score: 8)
[2025-07-16T20:36:54.730Z] [PHASE2-EVOLUTION] [INFO] ✅ Preserved: PropertyShowcaseSystem (score: 8)
[2025-07-16T20:36:54.732Z] [PHASE2-EVOLUTION] [INFO] ✅ Preserved: EmptyState (score: 9)
[2025-07-16T20:36:54.733Z] [PHASE2-EVOLUTION] [INFO] ✅ Preserved: LoadingGrid (score: 10)
[2025-07-16T20:36:54.735Z] [PHASE2-EVOLUTION] [INFO] ✅ Preserved: PropertyCard (score: 8)
[2025-07-16T20:36:54.737Z] [PHASE2-EVOLUTION] [INFO] ✅ Preserved: PropertyCatalog (score: 8)
[2025-07-16T20:36:54.740Z] [PHASE2-EVOLUTION] [INFO] ✅ Preserved: PropertyDetails (score: 8)
[2025-07-16T20:36:54.742Z] [PHASE2-EVOLUTION] [INFO] ✅ Preserved: PropertyFilters (score: 8)
[2025-07-16T20:36:54.744Z] [PHASE2-EVOLUTION] [INFO] ✅ Preserved: PropertySearch (score: 8)
[2025-07-16T20:36:54.746Z] [PHASE2-EVOLUTION] [INFO] ✅ Preserved: PropertySort (score: 9)
[2025-07-16T20:36:54.749Z] [PHASE2-EVOLUTION] [INFO] ✅ Preserved: PropertyContactModal (score: 8)
[2025-07-16T20:36:54.750Z] [PHASE2-EVOLUTION] [INFO] ✅ Preserved: PropertyFeatureTabs (score: 8)
[2025-07-16T20:36:54.752Z] [PHASE2-EVOLUTION] [INFO] ✅ Preserved: PropertyImage (score: 8)
[2025-07-16T20:36:54.754Z] [PHASE2-EVOLUTION] [INFO] ✅ Preserved: PropertyShowcase (score: 8)
[2025-07-16T20:36:54.756Z] [PHASE2-EVOLUTION] [INFO] ✅ Preserved: PropertySocialSharing (score: 10)
[2025-07-16T20:36:54.758Z] [PHASE2-EVOLUTION] [INFO] ✅ Preserved: ReferencesSection (score: 8)
[2025-07-16T20:36:54.759Z] [PHASE2-EVOLUTION] [INFO] ✅ Preserved: SafeFramerWrapper (score: 10)
[2025-07-16T20:36:54.762Z] [PHASE2-EVOLUTION] [INFO] ✅ Preserved: SafeHydration (score: 9)
[2025-07-16T20:36:54.765Z] [PHASE2-EVOLUTION] [INFO] ✅ Preserved: SafeIcon (score: 10)
[2025-07-16T20:36:54.766Z] [PHASE2-EVOLUTION] [INFO] ✅ Preserved: SafeSuspenseWrapper (score: 9)
[2025-07-16T20:36:54.768Z] [PHASE2-EVOLUTION] [INFO] ✅ Preserved: ScrollAnimations (score: 8)
[2025-07-16T20:36:54.770Z] [PHASE2-EVOLUTION] [INFO] ✅ Preserved: SectionHeader (score: 9)
[2025-07-16T20:36:54.771Z] [PHASE2-EVOLUTION] [INFO] ✅ Preserved: SkeletonLoader (score: 9)
[2025-07-16T20:36:54.773Z] [PHASE2-EVOLUTION] [INFO] ✅ Preserved: SkipToContent (score: 8)
[2025-07-16T20:36:54.775Z] [PHASE2-EVOLUTION] [INFO] ✅ Preserved: SocialShareButtons (score: 8)
[2025-07-16T20:36:54.776Z] [PHASE2-EVOLUTION] [INFO] ✅ Preserved: TestimonialsSection (score: 9)
[2025-07-16T20:36:54.779Z] [PHASE2-EVOLUTION] [INFO] ✅ Preserved: ThemeToggle (score: 8)
[2025-07-16T20:36:54.781Z] [PHASE2-EVOLUTION] [INFO] ✅ Preserved: ThirdPartyScriptLoader (score: 8)
[2025-07-16T20:36:54.782Z] [PHASE2-EVOLUTION] [INFO] ✅ Preserved: TrustAndCredibilitySection.client (score: 8)
[2025-07-16T20:36:54.784Z] [PHASE2-EVOLUTION] [INFO] ✅ Preserved: TrustAndCredibilitySection.server (score: 8)
[2025-07-16T20:36:54.786Z] [PHASE2-EVOLUTION] [INFO] ✅ Preserved: button (score: 9)
[2025-07-16T20:36:54.788Z] [PHASE2-EVOLUTION] [INFO] ✅ Preserved: ErrorBoundary (score: 10)
[2025-07-16T20:36:54.789Z] [PHASE2-EVOLUTION] [INFO] ✅ Preserved: EnhancedPropertyCard (score: 9)
[2025-07-16T20:36:54.791Z] [PHASE2-EVOLUTION] [INFO] ✅ Preserved: PropertyCardUnified (score: 9)
[2025-07-16T20:36:54.793Z] [PHASE2-EVOLUTION] [INFO] ✅ Preserved: PropertyCarousel (score: 10)
[2025-07-16T20:36:54.795Z] [PHASE2-EVOLUTION] [INFO] ✅ Preserved: PropertyFeaturesUnified (score: 8)
[2025-07-16T20:36:54.797Z] [PHASE2-EVOLUTION] [INFO] ✅ Preserved: PropertyHero (score: 8)
[2025-07-16T20:36:54.799Z] [PHASE2-EVOLUTION] [INFO] ✅ Preserved: PropertyHeroUnified (score: 8)
[2025-07-16T20:36:54.800Z] [PHASE2-EVOLUTION] [INFO] ✅ Preserved: SectionHeader (score: 8)
[2025-07-16T20:36:54.802Z] [PHASE2-EVOLUTION] [INFO] ✅ Preserved: Toast (score: 8)
[2025-07-16T20:36:54.804Z] [PHASE2-EVOLUTION] [INFO] ✅ Preserved: UnifiedComponents (score: 8)
[2025-07-16T20:36:54.805Z] [PHASE2-EVOLUTION] [INFO] ✅ Preserved: UnifiedLoading (score: 9)
[2025-07-16T20:36:54.807Z] [PHASE2-EVOLUTION] [INFO] ✅ Preserved: VirtualizedPropertiesGrid (score: 8)
[2025-07-16T20:36:54.809Z] [PHASE2-EVOLUTION] [INFO] ✅ Preserved: VirtualizedPropertiesGridUnified (score: 8)
[2025-07-16T20:36:54.810Z] [PHASE2-EVOLUTION] [INFO] ✅ Preserved: VirtualTourViewer (score: 8)
[2025-07-16T20:36:54.812Z] [PHASE2-EVOLUTION] [INFO] ✅ Preserved: WebVitals (score: 8)
[2025-07-16T20:36:54.814Z] [PHASE2-EVOLUTION] [INFO] ✅ Preserved: WebVitalsDebuggerWrapper (score: 8)
[2025-07-16T20:36:54.816Z] [PHASE2-EVOLUTION] [INFO] ✅ Preserved: WebVitalsMonitor (score: 8)
[2025-07-16T20:36:54.818Z] [PHASE2-EVOLUTION] [INFO] ✅ Preserved: WhatsAppButton (score: 10)
[2025-07-16T20:36:54.820Z] [PHASE2-EVOLUTION] [INFO] ✅ Preserved: WhatsAppMetaTags (score: 10)
[2025-07-16T20:36:54.821Z] [PHASE2-EVOLUTION] [INFO] ✅ Preserved: WhatsAppOptimizer (score: 8)
[2025-07-16T20:36:54.823Z] [PHASE2-EVOLUTION] [INFO] ✅ Preserved: WhatsAppPreviewCard (score: 8)
[2025-07-16T20:36:54.825Z] [PHASE2-EVOLUTION] [INFO] ✅ Preserved: WhatsAppShare (score: 8)
[2025-07-16T20:36:54.826Z] [PHASE2-EVOLUTION] [INFO] ✅ Preserved: WhatsAppSharingOptimizer (score: 10)
[2025-07-16T20:36:54.828Z] [PHASE2-EVOLUTION] [INFO] ✅ Preserved: badge (score: 8)
[2025-07-16T20:36:54.830Z] [PHASE2-EVOLUTION] [INFO] ✅ Preserved: button (score: 9)
[2025-07-16T20:36:54.831Z] [PHASE2-EVOLUTION] [INFO] ✅ Preserved: card (score: 9)
[2025-07-16T20:36:54.832Z] [PHASE2-EVOLUTION] [INFO] ✅ Preserved: carousel (score: 9)
[2025-07-16T20:36:54.834Z] [PHASE2-EVOLUTION] [INFO] ✅ Preserved: toast (score: 8)
[2025-07-16T20:36:54.835Z] [PHASE2-EVOLUTION] [INFO] 📦 Creating CONSERVATIVE barrel exports...
[2025-07-16T20:36:54.838Z] [PHASE2-EVOLUTION] [INFO] 📦 Barrel exports created for 111 verified components
[2025-07-16T20:36:54.841Z] [PHASE2-EVOLUTION] [INFO] 📊 Phase 2 Evolution Report Generated
[2025-07-16T20:36:54.844Z] [PHASE2-EVOLUTION] [INFO] ✅ Phase 2 Evolution completed - Zero destruction, maximum preservation
